[0.631s] Invoking command in '/home/daescastros/Desktop/udemy_ros2/ros2_ws/src/my_py_pkg': PYTHONPATH=/home/daescastros/Desktop/udemy_ros2/ros2_ws/build/my_py_pkg/prefix_override:/home/daescastros/Desktop/udemy_ros2/ros2_ws/install/my_py_pkg/lib/python3.10/site-packages:${PYTHONPATH} /usr/bin/python3 -W ignore:setup.py install is deprecated setup.py egg_info --egg-base ../../build/my_py_pkg build --build-base /home/daescastros/Desktop/udemy_ros2/ros2_ws/build/my_py_pkg/build install --record /home/daescastros/Desktop/udemy_ros2/ros2_ws/build/my_py_pkg/install.log --single-version-externally-managed install_data
[0.893s] running egg_info
[0.894s] writing ../../build/my_py_pkg/my_py_pkg.egg-info/PKG-INFO
[0.895s] writing dependency_links to ../../build/my_py_pkg/my_py_pkg.egg-info/dependency_links.txt
[0.895s] writing entry points to ../../build/my_py_pkg/my_py_pkg.egg-info/entry_points.txt
[0.895s] writing requirements to ../../build/my_py_pkg/my_py_pkg.egg-info/requires.txt
[0.895s] writing top-level names to ../../build/my_py_pkg/my_py_pkg.egg-info/top_level.txt
[0.897s] reading manifest file '../../build/my_py_pkg/my_py_pkg.egg-info/SOURCES.txt'
[0.929s] writing manifest file '../../build/my_py_pkg/my_py_pkg.egg-info/SOURCES.txt'
[0.929s] running build
[0.929s] running build_py
[0.929s] copying my_py_pkg/my_first_node.py -> /home/daescastros/Desktop/udemy_ros2/ros2_ws/build/my_py_pkg/build/lib/my_py_pkg
[0.929s] running install
[0.929s] running install_lib
[0.930s] copying /home/daescastros/Desktop/udemy_ros2/ros2_ws/build/my_py_pkg/build/lib/my_py_pkg/my_first_node.py -> /home/daescastros/Desktop/udemy_ros2/ros2_ws/install/my_py_pkg/lib/python3.10/site-packages/my_py_pkg
[0.931s] byte-compiling /home/daescastros/Desktop/udemy_ros2/ros2_ws/install/my_py_pkg/lib/python3.10/site-packages/my_py_pkg/my_first_node.py to my_first_node.cpython-310.pyc
[0.931s] running install_data
[0.932s] running install_egg_info
[0.933s] removing '/home/daescastros/Desktop/udemy_ros2/ros2_ws/install/my_py_pkg/lib/python3.10/site-packages/my_py_pkg-0.0.0-py3.10.egg-info' (and everything under it)
[0.934s] Copying ../../build/my_py_pkg/my_py_pkg.egg-info to /home/daescastros/Desktop/udemy_ros2/ros2_ws/install/my_py_pkg/lib/python3.10/site-packages/my_py_pkg-0.0.0-py3.10.egg-info
[0.934s] running install_scripts
[0.956s] Installing py_node script to /home/daescastros/Desktop/udemy_ros2/ros2_ws/install/my_py_pkg/lib/my_py_pkg
[0.957s] writing list of installed files to '/home/daescastros/Desktop/udemy_ros2/ros2_ws/build/my_py_pkg/install.log'
[0.982s] Invoked command in '/home/daescastros/Desktop/udemy_ros2/ros2_ws/src/my_py_pkg' returned '0': PYTHONPATH=/home/daescastros/Desktop/udemy_ros2/ros2_ws/build/my_py_pkg/prefix_override:/home/daescastros/Desktop/udemy_ros2/ros2_ws/install/my_py_pkg/lib/python3.10/site-packages:${PYTHONPATH} /usr/bin/python3 -W ignore:setup.py install is deprecated setup.py egg_info --egg-base ../../build/my_py_pkg build --build-base /home/daescastros/Desktop/udemy_ros2/ros2_ws/build/my_py_pkg/build install --record /home/daescastros/Desktop/udemy_ros2/ros2_ws/build/my_py_pkg/install.log --single-version-externally-managed install_data
