[1.214s] Invoking command in '/home/daescastros/Desktop/udemy_ros2/ros2_ws/src/my_py_pkg': PYTHONPATH=/home/daescastros/Desktop/udemy_ros2/ros2_ws/build/my_py_pkg/prefix_override:/home/daescastros/Desktop/udemy_ros2/ros2_ws/install/my_py_pkg/lib/python3.10/site-packages:${PYTHONPATH} /usr/bin/python3 -W ignore:setup.py install is deprecated setup.py egg_info --egg-base ../../build/my_py_pkg build --build-base /home/daescastros/Desktop/udemy_ros2/ros2_ws/build/my_py_pkg/build install --record /home/daescastros/Desktop/udemy_ros2/ros2_ws/build/my_py_pkg/install.log --single-version-externally-managed install_data
[1.478s] running egg_info
[1.479s] creating ../../build/my_py_pkg/my_py_pkg.egg-info
[1.479s] writing ../../build/my_py_pkg/my_py_pkg.egg-info/PKG-INFO
[1.480s] writing dependency_links to ../../build/my_py_pkg/my_py_pkg.egg-info/dependency_links.txt
[1.480s] writing entry points to ../../build/my_py_pkg/my_py_pkg.egg-info/entry_points.txt
[1.480s] writing requirements to ../../build/my_py_pkg/my_py_pkg.egg-info/requires.txt
[1.480s] writing top-level names to ../../build/my_py_pkg/my_py_pkg.egg-info/top_level.txt
[1.480s] writing manifest file '../../build/my_py_pkg/my_py_pkg.egg-info/SOURCES.txt'
[1.482s] reading manifest file '../../build/my_py_pkg/my_py_pkg.egg-info/SOURCES.txt'
[1.483s] writing manifest file '../../build/my_py_pkg/my_py_pkg.egg-info/SOURCES.txt'
[1.483s] running build
[1.483s] running build_py
[1.484s] creating /home/daescastros/Desktop/udemy_ros2/ros2_ws/build/my_py_pkg/build
[1.484s] creating /home/daescastros/Desktop/udemy_ros2/ros2_ws/build/my_py_pkg/build/lib
[1.484s] creating /home/daescastros/Desktop/udemy_ros2/ros2_ws/build/my_py_pkg/build/lib/my_py_pkg
[1.484s] copying my_py_pkg/__init__.py -> /home/daescastros/Desktop/udemy_ros2/ros2_ws/build/my_py_pkg/build/lib/my_py_pkg
[1.484s] running install
[1.484s] running install_lib
[1.485s] creating /home/daescastros/Desktop/udemy_ros2/ros2_ws/install/my_py_pkg/lib/python3.10/site-packages/my_py_pkg
[1.485s] copying /home/daescastros/Desktop/udemy_ros2/ros2_ws/build/my_py_pkg/build/lib/my_py_pkg/__init__.py -> /home/daescastros/Desktop/udemy_ros2/ros2_ws/install/my_py_pkg/lib/python3.10/site-packages/my_py_pkg
[1.486s] byte-compiling /home/daescastros/Desktop/udemy_ros2/ros2_ws/install/my_py_pkg/lib/python3.10/site-packages/my_py_pkg/__init__.py to __init__.cpython-310.pyc
[1.486s] running install_data
[1.487s] creating /home/daescastros/Desktop/udemy_ros2/ros2_ws/install/my_py_pkg/share/ament_index
[1.487s] creating /home/daescastros/Desktop/udemy_ros2/ros2_ws/install/my_py_pkg/share/ament_index/resource_index
[1.487s] creating /home/daescastros/Desktop/udemy_ros2/ros2_ws/install/my_py_pkg/share/ament_index/resource_index/packages
[1.487s] copying resource/my_py_pkg -> /home/daescastros/Desktop/udemy_ros2/ros2_ws/install/my_py_pkg/share/ament_index/resource_index/packages
[1.487s] copying package.xml -> /home/daescastros/Desktop/udemy_ros2/ros2_ws/install/my_py_pkg/share/my_py_pkg
[1.487s] running install_egg_info
[1.489s] Copying ../../build/my_py_pkg/my_py_pkg.egg-info to /home/daescastros/Desktop/udemy_ros2/ros2_ws/install/my_py_pkg/lib/python3.10/site-packages/my_py_pkg-0.0.0-py3.10.egg-info
[1.490s] running install_scripts
[1.513s] writing list of installed files to '/home/daescastros/Desktop/udemy_ros2/ros2_ws/build/my_py_pkg/install.log'
[1.541s] Invoked command in '/home/daescastros/Desktop/udemy_ros2/ros2_ws/src/my_py_pkg' returned '0': PYTHONPATH=/home/daescastros/Desktop/udemy_ros2/ros2_ws/build/my_py_pkg/prefix_override:/home/daescastros/Desktop/udemy_ros2/ros2_ws/install/my_py_pkg/lib/python3.10/site-packages:${PYTHONPATH} /usr/bin/python3 -W ignore:setup.py install is deprecated setup.py egg_info --egg-base ../../build/my_py_pkg build --build-base /home/daescastros/Desktop/udemy_ros2/ros2_ws/build/my_py_pkg/build install --record /home/daescastros/Desktop/udemy_ros2/ros2_ws/build/my_py_pkg/install.log --single-version-externally-managed install_data
