[0.653s] Invoking command in '/home/daescastros/Desktop/udemy_ros2/ros2_ws/src/my_py_pkg': PYTHONPATH=/home/daescastros/Desktop/udemy_ros2/ros2_ws/build/my_py_pkg/prefix_override:/home/daescastros/Desktop/udemy_ros2/ros2_ws/install/my_py_pkg/lib/python3.10/site-packages:${PYTHONPATH} /usr/bin/python3 -W ignore:setup.py install is deprecated setup.py egg_info --egg-base ../../build/my_py_pkg build --build-base /home/daescastros/Desktop/udemy_ros2/ros2_ws/build/my_py_pkg/build install --record /home/daescastros/Desktop/udemy_ros2/ros2_ws/build/my_py_pkg/install.log --single-version-externally-managed install_data
[0.916s] running egg_info
[0.917s] writing ../../build/my_py_pkg/my_py_pkg.egg-info/PKG-INFO
[0.917s] writing dependency_links to ../../build/my_py_pkg/my_py_pkg.egg-info/dependency_links.txt
[0.917s] writing entry points to ../../build/my_py_pkg/my_py_pkg.egg-info/entry_points.txt
[0.918s] writing requirements to ../../build/my_py_pkg/my_py_pkg.egg-info/requires.txt
[0.918s] writing top-level names to ../../build/my_py_pkg/my_py_pkg.egg-info/top_level.txt
[0.920s] reading manifest file '../../build/my_py_pkg/my_py_pkg.egg-info/SOURCES.txt'
[0.978s] writing manifest file '../../build/my_py_pkg/my_py_pkg.egg-info/SOURCES.txt'
[0.978s] running build
[0.979s] running build_py
[0.979s] running install
[0.979s] running install_lib
[0.982s] running install_data
[0.982s] running install_egg_info
[0.985s] removing '/home/daescastros/Desktop/udemy_ros2/ros2_ws/install/my_py_pkg/lib/python3.10/site-packages/my_py_pkg-0.0.0-py3.10.egg-info' (and everything under it)
[0.986s] Copying ../../build/my_py_pkg/my_py_pkg.egg-info to /home/daescastros/Desktop/udemy_ros2/ros2_ws/install/my_py_pkg/lib/python3.10/site-packages/my_py_pkg-0.0.0-py3.10.egg-info
[0.988s] running install_scripts
[1.021s] writing list of installed files to '/home/daescastros/Desktop/udemy_ros2/ros2_ws/build/my_py_pkg/install.log'
[1.047s] Invoked command in '/home/daescastros/Desktop/udemy_ros2/ros2_ws/src/my_py_pkg' returned '0': PYTHONPATH=/home/daescastros/Desktop/udemy_ros2/ros2_ws/build/my_py_pkg/prefix_override:/home/daescastros/Desktop/udemy_ros2/ros2_ws/install/my_py_pkg/lib/python3.10/site-packages:${PYTHONPATH} /usr/bin/python3 -W ignore:setup.py install is deprecated setup.py egg_info --egg-base ../../build/my_py_pkg build --build-base /home/daescastros/Desktop/udemy_ros2/ros2_ws/build/my_py_pkg/build install --record /home/daescastros/Desktop/udemy_ros2/ros2_ws/build/my_py_pkg/install.log --single-version-externally-managed install_data
