[0.028s] Invoking command in '/home/daescastros/Desktop/udemy_ros2/ros2_ws/build/my_cpp_pkg': CMAKE_PREFIX_PATH=/opt/ros/humble /usr/bin/cmake /home/daescastros/Desktop/udemy_ros2/ros2_ws/src/my_cpp_pkg -DCMAKE_INSTALL_PREFIX=/home/daescastros/Desktop/udemy_ros2/ros2_ws/install/my_cpp_pkg
[3.294s] -- The C compiler identification is GNU 11.4.0
[4.814s] -- The CXX compiler identification is GNU 11.4.0
[5.090s] -- Detecting C compiler ABI info
[5.711s] -- Detecting C compiler ABI info - done
[5.722s] -- Check for working C compiler: /usr/bin/cc - skipped
[5.752s] -- Detecting C compile features
[5.839s] -- Detecting C compile features - done
[5.849s] -- Detecting CXX compiler ABI info
[6.284s] -- Detecting CXX compiler ABI info - done
[6.293s] -- Check for working CXX compiler: /usr/bin/c++ - skipped
[6.293s] -- Detecting CXX compile features
[6.293s] -- Detecting CXX compile features - done
[6.459s] -- Found ament_cmake: 1.3.9 (/opt/ros/humble/share/ament_cmake/cmake)
[7.316s] -- Found Python3: /usr/bin/python3 (found version "3.10.12") found components: Interpreter 
[9.779s] -- Found rclcpp: 16.0.9 (/opt/ros/humble/share/rclcpp/cmake)
[10.808s] -- Found rosidl_generator_c: 3.1.5 (/opt/ros/humble/share/rosidl_generator_c/cmake)
[10.829s] -- Found rosidl_adapter: 3.1.5 (/opt/ros/humble/share/rosidl_adapter/cmake)
[10.888s] -- Found rosidl_generator_cpp: 3.1.5 (/opt/ros/humble/share/rosidl_generator_cpp/cmake)
[10.962s] -- Using all available rosidl_typesupport_c: rosidl_typesupport_fastrtps_c;rosidl_typesupport_introspection_c
[11.070s] -- Using all available rosidl_typesupport_cpp: rosidl_typesupport_fastrtps_cpp;rosidl_typesupport_introspection_cpp
[11.266s] -- Found rmw_implementation_cmake: 6.1.2 (/opt/ros/humble/share/rmw_implementation_cmake/cmake)
[11.273s] -- Found rmw_fastrtps_cpp: 6.2.6 (/opt/ros/humble/share/rmw_fastrtps_cpp/cmake)
[11.735s] -- Found OpenSSL: /usr/lib/x86_64-linux-gnu/libcrypto.so (found version "3.0.2")  
[11.827s] -- Found FastRTPS: /opt/ros/humble/include  
[11.881s] -- Using RMW implementation 'rmw_fastrtps_cpp' as default
[11.996s] -- Looking for pthread.h
[12.606s] -- Looking for pthread.h - found
[12.607s] -- Performing Test CMAKE_HAVE_LIBC_PTHREAD
[12.720s] -- Performing Test CMAKE_HAVE_LIBC_PTHREAD - Success
[12.721s] -- Found Threads: TRUE  
[13.561s] -- Found ament_lint_auto: 0.12.11 (/opt/ros/humble/share/ament_lint_auto/cmake)
[14.195s] -- Added test 'lint_cmake' to check CMake code style
[14.203s] -- Added test 'xmllint' to check XML markup files
[14.218s] -- Configuring done
[14.228s] -- Generating done
[14.232s] -- Build files have been written to: /home/daescastros/Desktop/udemy_ros2/ros2_ws/build/my_cpp_pkg
[14.246s] Invoked command in '/home/daescastros/Desktop/udemy_ros2/ros2_ws/build/my_cpp_pkg' returned '0': CMAKE_PREFIX_PATH=/opt/ros/humble /usr/bin/cmake /home/daescastros/Desktop/udemy_ros2/ros2_ws/src/my_cpp_pkg -DCMAKE_INSTALL_PREFIX=/home/daescastros/Desktop/udemy_ros2/ros2_ws/install/my_cpp_pkg
[14.248s] Invoking command in '/home/daescastros/Desktop/udemy_ros2/ros2_ws/build/my_cpp_pkg': CMAKE_PREFIX_PATH=/opt/ros/humble /usr/bin/cmake --build /home/daescastros/Desktop/udemy_ros2/ros2_ws/build/my_cpp_pkg -- -j4 -l4
[14.299s] Invoked command in '/home/daescastros/Desktop/udemy_ros2/ros2_ws/build/my_cpp_pkg' returned '0': CMAKE_PREFIX_PATH=/opt/ros/humble /usr/bin/cmake --build /home/daescastros/Desktop/udemy_ros2/ros2_ws/build/my_cpp_pkg -- -j4 -l4
[14.337s] Invoking command in '/home/daescastros/Desktop/udemy_ros2/ros2_ws/build/my_cpp_pkg': CMAKE_PREFIX_PATH=/opt/ros/humble /usr/bin/cmake --install /home/daescastros/Desktop/udemy_ros2/ros2_ws/build/my_cpp_pkg
[14.345s] -- Install configuration: ""
[14.345s] -- Installing: /home/daescastros/Desktop/udemy_ros2/ros2_ws/install/my_cpp_pkg/share/ament_index/resource_index/package_run_dependencies/my_cpp_pkg
[14.345s] -- Installing: /home/daescastros/Desktop/udemy_ros2/ros2_ws/install/my_cpp_pkg/share/ament_index/resource_index/parent_prefix_path/my_cpp_pkg
[14.346s] -- Installing: /home/daescastros/Desktop/udemy_ros2/ros2_ws/install/my_cpp_pkg/share/my_cpp_pkg/environment/ament_prefix_path.sh
[14.346s] -- Installing: /home/daescastros/Desktop/udemy_ros2/ros2_ws/install/my_cpp_pkg/share/my_cpp_pkg/environment/ament_prefix_path.dsv
[14.346s] -- Installing: /home/daescastros/Desktop/udemy_ros2/ros2_ws/install/my_cpp_pkg/share/my_cpp_pkg/environment/path.sh
[14.346s] -- Installing: /home/daescastros/Desktop/udemy_ros2/ros2_ws/install/my_cpp_pkg/share/my_cpp_pkg/environment/path.dsv
[14.346s] -- Installing: /home/daescastros/Desktop/udemy_ros2/ros2_ws/install/my_cpp_pkg/share/my_cpp_pkg/local_setup.bash
[14.347s] -- Installing: /home/daescastros/Desktop/udemy_ros2/ros2_ws/install/my_cpp_pkg/share/my_cpp_pkg/local_setup.sh
[14.347s] -- Installing: /home/daescastros/Desktop/udemy_ros2/ros2_ws/install/my_cpp_pkg/share/my_cpp_pkg/local_setup.zsh
[14.347s] -- Installing: /home/daescastros/Desktop/udemy_ros2/ros2_ws/install/my_cpp_pkg/share/my_cpp_pkg/local_setup.dsv
[14.347s] -- Installing: /home/daescastros/Desktop/udemy_ros2/ros2_ws/install/my_cpp_pkg/share/my_cpp_pkg/package.dsv
[14.348s] -- Installing: /home/daescastros/Desktop/udemy_ros2/ros2_ws/install/my_cpp_pkg/share/ament_index/resource_index/packages/my_cpp_pkg
[14.348s] -- Installing: /home/daescastros/Desktop/udemy_ros2/ros2_ws/install/my_cpp_pkg/share/my_cpp_pkg/cmake/my_cpp_pkgConfig.cmake
[14.348s] -- Installing: /home/daescastros/Desktop/udemy_ros2/ros2_ws/install/my_cpp_pkg/share/my_cpp_pkg/cmake/my_cpp_pkgConfig-version.cmake
[14.348s] -- Installing: /home/daescastros/Desktop/udemy_ros2/ros2_ws/install/my_cpp_pkg/share/my_cpp_pkg/package.xml
[14.350s] Invoked command in '/home/daescastros/Desktop/udemy_ros2/ros2_ws/build/my_cpp_pkg' returned '0': CMAKE_PREFIX_PATH=/opt/ros/humble /usr/bin/cmake --install /home/daescastros/Desktop/udemy_ros2/ros2_ws/build/my_cpp_pkg
